{"/Users/diamond oladeji/Documents/Software Design Project/VoluntHero-1/frontend/src/api/eventsServer.js": {"path":"/Users/diamond oladeji/Documents/Software Design Project/VoluntHero-1/frontend/src/api/eventsServer.js","statementMap":{"0":{"start":{"line":3,"column":17},"end":{"line":3,"column":47}},"1":{"start":{"line":7,"column":14},"end":{"line":7,"column":35}},"2":{"start":{"line":8,"column":2},"end":{"line":8,"column":57}},"3":{"start":{"line":8,"column":15},"end":{"line":8,"column":57}},"4":{"start":{"line":9,"column":2},"end":{"line":9,"column":26}},"5":{"start":{"line":14,"column":14},"end":{"line":14,"column":46}},"6":{"start":{"line":15,"column":2},"end":{"line":15,"column":50}},"7":{"start":{"line":15,"column":15},"end":{"line":15,"column":50}},"8":{"start":{"line":16,"column":2},"end":{"line":16,"column":26}},"9":{"start":{"line":21,"column":14},"end":{"line":25,"column":4}},"10":{"start":{"line":26,"column":2},"end":{"line":26,"column":57}},"11":{"start":{"line":26,"column":15},"end":{"line":26,"column":57}},"12":{"start":{"line":27,"column":2},"end":{"line":27,"column":26}},"13":{"start":{"line":32,"column":14},"end":{"line":36,"column":4}},"14":{"start":{"line":37,"column":2},"end":{"line":37,"column":57}},"15":{"start":{"line":37,"column":15},"end":{"line":37,"column":57}},"16":{"start":{"line":38,"column":2},"end":{"line":38,"column":26}},"17":{"start":{"line":43,"column":14},"end":{"line":43,"column":68}},"18":{"start":{"line":44,"column":2},"end":{"line":44,"column":57}},"19":{"start":{"line":44,"column":15},"end":{"line":44,"column":57}},"20":{"start":{"line":45,"column":2},"end":{"line":45,"column":26}}},"fnMap":{"0":{"name":"fetchEvents","decl":{"start":{"line":6,"column":22},"end":{"line":6,"column":33}},"loc":{"start":{"line":6,"column":36},"end":{"line":10,"column":1}},"line":6},"1":{"name":"fetchEvent","decl":{"start":{"line":13,"column":22},"end":{"line":13,"column":32}},"loc":{"start":{"line":13,"column":37},"end":{"line":17,"column":1}},"line":13},"2":{"name":"createEvent","decl":{"start":{"line":20,"column":22},"end":{"line":20,"column":33}},"loc":{"start":{"line":20,"column":45},"end":{"line":28,"column":1}},"line":20},"3":{"name":"updateEvent","decl":{"start":{"line":31,"column":22},"end":{"line":31,"column":33}},"loc":{"start":{"line":31,"column":49},"end":{"line":39,"column":1}},"line":31},"4":{"name":"deleteEvent","decl":{"start":{"line":42,"column":22},"end":{"line":42,"column":33}},"loc":{"start":{"line":42,"column":38},"end":{"line":46,"column":1}},"line":42}},"branchMap":{"0":{"loc":{"start":{"line":8,"column":2},"end":{"line":8,"column":57}},"type":"if","locations":[{"start":{"line":8,"column":2},"end":{"line":8,"column":57}},{"start":{},"end":{}}],"line":8},"1":{"loc":{"start":{"line":15,"column":2},"end":{"line":15,"column":50}},"type":"if","locations":[{"start":{"line":15,"column":2},"end":{"line":15,"column":50}},{"start":{},"end":{}}],"line":15},"2":{"loc":{"start":{"line":26,"column":2},"end":{"line":26,"column":57}},"type":"if","locations":[{"start":{"line":26,"column":2},"end":{"line":26,"column":57}},{"start":{},"end":{}}],"line":26},"3":{"loc":{"start":{"line":37,"column":2},"end":{"line":37,"column":57}},"type":"if","locations":[{"start":{"line":37,"column":2},"end":{"line":37,"column":57}},{"start":{},"end":{}}],"line":37},"4":{"loc":{"start":{"line":44,"column":2},"end":{"line":44,"column":57}},"type":"if","locations":[{"start":{"line":44,"column":2},"end":{"line":44,"column":57}},{"start":{},"end":{}}],"line":44}},"s":{"0":1,"1":2,"2":2,"3":1,"4":1,"5":2,"6":2,"7":1,"8":1,"9":2,"10":2,"11":1,"12":1,"13":2,"14":2,"15":1,"16":1,"17":2,"18":2,"19":1,"20":1},"f":{"0":2,"1":2,"2":2,"3":2,"4":2},"b":{"0":[1,1],"1":[1,1],"2":[1,1],"3":[1,1],"4":[1,1]},"_coverageSchema":"1a1c01bbd47fc00a2c39e90264f33305004495a9","hash":"1fd758b072dd040a8ed82378c2396e1887fc7eac"}
}
