TN:
SF:src/api/eventsServer.js
FN:6,fetchEvents
FN:13,fetchEvent
FN:20,createEvent
FN:31,updateEvent
FN:42,deleteEvent
FNF:5
FNH:5
FNDA:2,fetchEvents
FNDA:2,fetchEvent
FNDA:2,createEvent
FNDA:2,updateEvent
FNDA:2,deleteEvent
DA:3,1
DA:7,2
DA:8,2
DA:9,1
DA:14,2
DA:15,2
DA:16,1
DA:21,2
DA:26,2
DA:27,1
DA:32,2
DA:37,2
DA:38,1
DA:43,2
DA:44,2
DA:45,1
LF:16
LH:16
BRDA:8,0,0,1
BRDA:8,0,1,1
BRDA:15,1,0,1
BRDA:15,1,1,1
BRDA:26,2,0,1
BRDA:26,2,1,1
BRDA:37,3,0,1
BRDA:37,3,1,1
BRDA:44,4,0,1
BRDA:44,4,1,1
BRF:10
BRH:10
end_of_record
