<?xml version="1.0" encoding="UTF-8"?>
<coverage generated="1760416873629" clover="3.2.0">
  <project timestamp="1760416873629" name="All files">
    <metrics statements="52" coveredstatements="52" conditionals="21" coveredconditionals="20" methods="14" coveredmethods="14" elements="87" coveredelements="86" complexity="0" loc="52" ncloc="52" packages="3" files="3" classes="3"/>
    <package name="controllers">
      <metrics statements="26" coveredstatements="26" conditionals="17" coveredconditionals="16" methods="5" coveredmethods="5"/>
      <file name="eventController.js" path="/Users/diamond oladeji/Documents/Software Design Project/VoluntHero-1/backend/src/controllers/eventController.js">
        <metrics statements="26" coveredstatements="26" conditionals="17" coveredconditionals="16" methods="5" coveredmethods="5"/>
        <line num="7" count="2" type="stmt"/>
        <line num="9" count="2" type="stmt"/>
        <line num="10" count="2" type="stmt"/>
        <line num="13" count="2" type="stmt"/>
        <line num="14" count="2" type="stmt"/>
        <line num="15" count="2" type="cond" truecount="1" falsecount="1"/>
        <line num="16" count="2" type="stmt"/>
        <line num="19" count="2" type="stmt"/>
        <line num="20" count="10" type="stmt"/>
        <line num="23" count="10" type="cond" truecount="5" falsecount="0"/>
        <line num="24" count="1" type="stmt"/>
        <line num="28" count="9" type="cond" truecount="2" falsecount="0"/>
        <line num="29" count="8" type="cond" truecount="4" falsecount="0"/>
        <line num="31" count="7" type="stmt"/>
        <line num="40" count="7" type="stmt"/>
        <line num="43" count="2" type="stmt"/>
        <line num="44" count="3" type="stmt"/>
        <line num="45" count="3" type="cond" truecount="2" falsecount="0"/>
        <line num="46" count="1" type="stmt"/>
        <line num="47" count="2" type="stmt"/>
        <line num="50" count="2" type="stmt"/>
        <line num="51" count="3" type="stmt"/>
        <line num="52" count="3" type="cond" truecount="2" falsecount="0"/>
        <line num="53" count="1" type="stmt"/>
        <line num="54" count="2" type="stmt"/>
        <line num="57" count="2" type="stmt"/>
      </file>
    </package>
    <package name="models">
      <metrics statements="17" coveredstatements="17" conditionals="4" coveredconditionals="4" methods="9" coveredmethods="9"/>
      <file name="eventModel.js" path="/Users/diamond oladeji/Documents/Software Design Project/VoluntHero-1/backend/src/models/eventModel.js">
        <metrics statements="17" coveredstatements="17" conditionals="4" coveredconditionals="4" methods="9" coveredmethods="9"/>
        <line num="1" count="3" type="stmt"/>
        <line num="4" count="4" type="stmt"/>
        <line num="8" count="3" type="stmt"/>
        <line num="12" count="11" type="stmt"/>
        <line num="13" count="11" type="stmt"/>
        <line num="14" count="11" type="stmt"/>
        <line num="18" count="4" type="stmt"/>
        <line num="19" count="4" type="cond" truecount="2" falsecount="0"/>
        <line num="20" count="3" type="stmt"/>
        <line num="21" count="3" type="stmt"/>
        <line num="23" count="1" type="stmt"/>
        <line num="27" count="4" type="stmt"/>
        <line num="28" count="4" type="cond" truecount="2" falsecount="0"/>
        <line num="29" count="3" type="stmt"/>
        <line num="31" count="1" type="stmt"/>
        <line num="36" count="16" type="stmt"/>
        <line num="39" count="3" type="stmt"/>
      </file>
    </package>
    <package name="routes">
      <metrics statements="9" coveredstatements="9" conditionals="0" coveredconditionals="0" methods="0" coveredmethods="0"/>
      <file name="event.js" path="/Users/diamond oladeji/Documents/Software Design Project/VoluntHero-1/backend/src/routes/event.js">
        <metrics statements="9" coveredstatements="9" conditionals="0" coveredconditionals="0" methods="0" coveredmethods="0"/>
        <line num="1" count="2" type="stmt"/>
        <line num="2" count="2" type="stmt"/>
        <line num="9" count="2" type="stmt"/>
        <line num="12" count="2" type="stmt"/>
        <line num="13" count="2" type="stmt"/>
        <line num="14" count="2" type="stmt"/>
        <line num="15" count="2" type="stmt"/>
        <line num="16" count="2" type="stmt"/>
        <line num="18" count="2" type="stmt"/>
      </file>
    </package>
  </project>
</coverage>
