{"/Users/diamond oladeji/Documents/Software Design Project/VoluntHero-1/backend/src/controllers/eventController.js": {"path":"/Users/diamond oladeji/Documents/Software Design Project/VoluntHero-1/backend/src/controllers/eventController.js","statementMap":{"0":{"start":{"line":7,"column":4},"end":{"line":7,"column":35}},"1":{"start":{"line":9,"column":18},"end":{"line":11,"column":1}},"2":{"start":{"line":10,"column":2},"end":{"line":10,"column":27}},"3":{"start":{"line":13,"column":23},"end":{"line":17,"column":1}},"4":{"start":{"line":14,"column":16},"end":{"line":14,"column":43}},"5":{"start":{"line":15,"column":2},"end":{"line":15,"column":74}},"6":{"start":{"line":15,"column":14},"end":{"line":15,"column":74}},"7":{"start":{"line":16,"column":2},"end":{"line":16,"column":18}},"8":{"start":{"line":19,"column":17},"end":{"line":41,"column":1}},"9":{"start":{"line":20,"column":66},"end":{"line":20,"column":74}},"10":{"start":{"line":23,"column":2},"end":{"line":25,"column":3}},"11":{"start":{"line":24,"column":4},"end":{"line":24,"column":72}},"12":{"start":{"line":28,"column":2},"end":{"line":28,"column":85}},"13":{"start":{"line":28,"column":26},"end":{"line":28,"column":85}},"14":{"start":{"line":29,"column":2},"end":{"line":29,"column":112}},"15":{"start":{"line":29,"column":47},"end":{"line":29,"column":112}},"16":{"start":{"line":31,"column":19},"end":{"line":38,"column":4}},"17":{"start":{"line":40,"column":2},"end":{"line":40,"column":33}},"18":{"start":{"line":43,"column":18},"end":{"line":48,"column":1}},"19":{"start":{"line":44,"column":23},"end":{"line":44,"column":59}},"20":{"start":{"line":45,"column":2},"end":{"line":46,"column":64}},"21":{"start":{"line":46,"column":4},"end":{"line":46,"column":64}},"22":{"start":{"line":47,"column":2},"end":{"line":47,"column":25}},"23":{"start":{"line":50,"column":20},"end":{"line":55,"column":1}},"24":{"start":{"line":51,"column":23},"end":{"line":51,"column":49}},"25":{"start":{"line":52,"column":2},"end":{"line":53,"column":64}},"26":{"start":{"line":53,"column":4},"end":{"line":53,"column":64}},"27":{"start":{"line":54,"column":2},"end":{"line":54,"column":54}},"28":{"start":{"line":57,"column":0},"end":{"line":63,"column":2}}},"fnMap":{"0":{"name":"(anonymous_0)","decl":{"start":{"line":9,"column":18},"end":{"line":9,"column":19}},"loc":{"start":{"line":9,"column":32},"end":{"line":11,"column":1}},"line":9},"1":{"name":"(anonymous_1)","decl":{"start":{"line":13,"column":23},"end":{"line":13,"column":24}},"loc":{"start":{"line":13,"column":37},"end":{"line":17,"column":1}},"line":13},"2":{"name":"(anonymous_2)","decl":{"start":{"line":19,"column":17},"end":{"line":19,"column":18}},"loc":{"start":{"line":19,"column":31},"end":{"line":41,"column":1}},"line":19},"3":{"name":"(anonymous_3)","decl":{"start":{"line":43,"column":18},"end":{"line":43,"column":19}},"loc":{"start":{"line":43,"column":32},"end":{"line":48,"column":1}},"line":43},"4":{"name":"(anonymous_4)","decl":{"start":{"line":50,"column":20},"end":{"line":50,"column":21}},"loc":{"start":{"line":50,"column":34},"end":{"line":55,"column":1}},"line":50}},"branchMap":{"0":{"loc":{"start":{"line":15,"column":2},"end":{"line":15,"column":74}},"type":"if","locations":[{"start":{"line":15,"column":2},"end":{"line":15,"column":74}},{"start":{},"end":{}}],"line":15},"1":{"loc":{"start":{"line":23,"column":2},"end":{"line":25,"column":3}},"type":"if","locations":[{"start":{"line":23,"column":2},"end":{"line":25,"column":3}},{"start":{},"end":{}}],"line":23},"2":{"loc":{"start":{"line":23,"column":6},"end":{"line":23,"column":34}},"type":"binary-expr","locations":[{"start":{"line":23,"column":6},"end":{"line":23,"column":12}},{"start":{"line":23,"column":16},"end":{"line":23,"column":21}},{"start":{"line":23,"column":25},"end":{"line":23,"column":34}}],"line":23},"3":{"loc":{"start":{"line":28,"column":2},"end":{"line":28,"column":85}},"type":"if","locations":[{"start":{"line":28,"column":2},"end":{"line":28,"column":85}},{"start":{},"end":{}}],"line":28},"4":{"loc":{"start":{"line":29,"column":2},"end":{"line":29,"column":112}},"type":"if","locations":[{"start":{"line":29,"column":2},"end":{"line":29,"column":112}},{"start":{},"end":{}}],"line":29},"5":{"loc":{"start":{"line":29,"column":6},"end":{"line":29,"column":45}},"type":"binary-expr","locations":[{"start":{"line":29,"column":6},"end":{"line":29,"column":17}},{"start":{"line":29,"column":21},"end":{"line":29,"column":45}}],"line":29},"6":{"loc":{"start":{"line":45,"column":2},"end":{"line":46,"column":64}},"type":"if","locations":[{"start":{"line":45,"column":2},"end":{"line":46,"column":64}},{"start":{},"end":{}}],"line":45},"7":{"loc":{"start":{"line":52,"column":2},"end":{"line":53,"column":64}},"type":"if","locations":[{"start":{"line":52,"column":2},"end":{"line":53,"column":64}},{"start":{},"end":{}}],"line":52}},"s":{"0":2,"1":2,"2":2,"3":2,"4":2,"5":2,"6":0,"7":2,"8":2,"9":10,"10":10,"11":1,"12":9,"13":1,"14":8,"15":1,"16":7,"17":7,"18":2,"19":3,"20":3,"21":1,"22":2,"23":2,"24":3,"25":3,"26":1,"27":2,"28":2},"f":{"0":2,"1":2,"2":10,"3":3,"4":3},"b":{"0":[0,2],"1":[1,9],"2":[10,9,9],"3":[1,8],"4":[1,7],"5":[8,1],"6":[1,2],"7":[1,2]},"_coverageSchema":"1a1c01bbd47fc00a2c39e90264f33305004495a9","hash":"f35858bce93b9065c144cb161fff01cf2e4eb42a"}
,"/Users/diamond oladeji/Documents/Software Design Project/VoluntHero-1/backend/src/models/eventModel.js": {"path":"/Users/diamond oladeji/Documents/Software Design Project/VoluntHero-1/backend/src/models/eventModel.js","statementMap":{"0":{"start":{"line":1,"column":13},"end":{"line":1,"column":15}},"1":{"start":{"line":4,"column":2},"end":{"line":4,"column":16}},"2":{"start":{"line":8,"column":2},"end":{"line":8,"column":41}},"3":{"start":{"line":8,"column":28},"end":{"line":8,"column":39}},"4":{"start":{"line":12,"column":19},"end":{"line":12,"column":62}},"5":{"start":{"line":13,"column":2},"end":{"line":13,"column":24}},"6":{"start":{"line":14,"column":2},"end":{"line":14,"column":18}},"7":{"start":{"line":18,"column":16},"end":{"line":18,"column":52}},"8":{"start":{"line":18,"column":40},"end":{"line":18,"column":51}},"9":{"start":{"line":19,"column":2},"end":{"line":22,"column":3}},"10":{"start":{"line":20,"column":4},"end":{"line":20,"column":57}},"11":{"start":{"line":21,"column":4},"end":{"line":21,"column":25}},"12":{"start":{"line":23,"column":2},"end":{"line":23,"column":14}},"13":{"start":{"line":27,"column":16},"end":{"line":27,"column":52}},"14":{"start":{"line":27,"column":40},"end":{"line":27,"column":51}},"15":{"start":{"line":28,"column":2},"end":{"line":30,"column":3}},"16":{"start":{"line":29,"column":4},"end":{"line":29,"column":38}},"17":{"start":{"line":31,"column":2},"end":{"line":31,"column":14}},"18":{"start":{"line":36,"column":2},"end":{"line":36,"column":14}},"19":{"start":{"line":39,"column":0},"end":{"line":46,"column":2}}},"fnMap":{"0":{"name":"getAllEvents","decl":{"start":{"line":3,"column":9},"end":{"line":3,"column":21}},"loc":{"start":{"line":3,"column":24},"end":{"line":5,"column":1}},"line":3},"1":{"name":"getEventById","decl":{"start":{"line":7,"column":9},"end":{"line":7,"column":21}},"loc":{"start":{"line":7,"column":26},"end":{"line":9,"column":1}},"line":7},"2":{"name":"(anonymous_2)","decl":{"start":{"line":8,"column":21},"end":{"line":8,"column":22}},"loc":{"start":{"line":8,"column":28},"end":{"line":8,"column":39}},"line":8},"3":{"name":"createEvent","decl":{"start":{"line":11,"column":9},"end":{"line":11,"column":20}},"loc":{"start":{"line":11,"column":32},"end":{"line":15,"column":1}},"line":11},"4":{"name":"updateEvent","decl":{"start":{"line":17,"column":9},"end":{"line":17,"column":20}},"loc":{"start":{"line":17,"column":38},"end":{"line":24,"column":1}},"line":17},"5":{"name":"(anonymous_5)","decl":{"start":{"line":18,"column":33},"end":{"line":18,"column":34}},"loc":{"start":{"line":18,"column":40},"end":{"line":18,"column":51}},"line":18},"6":{"name":"deleteEvent","decl":{"start":{"line":26,"column":9},"end":{"line":26,"column":20}},"loc":{"start":{"line":26,"column":25},"end":{"line":32,"column":1}},"line":26},"7":{"name":"(anonymous_7)","decl":{"start":{"line":27,"column":33},"end":{"line":27,"column":34}},"loc":{"start":{"line":27,"column":40},"end":{"line":27,"column":51}},"line":27},"8":{"name":"_resetEvents","decl":{"start":{"line":35,"column":9},"end":{"line":35,"column":21}},"loc":{"start":{"line":35,"column":24},"end":{"line":37,"column":1}},"line":35}},"branchMap":{"0":{"loc":{"start":{"line":19,"column":2},"end":{"line":22,"column":3}},"type":"if","locations":[{"start":{"line":19,"column":2},"end":{"line":22,"column":3}},{"start":{},"end":{}}],"line":19},"1":{"loc":{"start":{"line":28,"column":2},"end":{"line":30,"column":3}},"type":"if","locations":[{"start":{"line":28,"column":2},"end":{"line":30,"column":3}},{"start":{},"end":{}}],"line":28}},"s":{"0":3,"1":4,"2":3,"3":3,"4":11,"5":11,"6":11,"7":4,"8":3,"9":4,"10":3,"11":3,"12":1,"13":4,"14":3,"15":4,"16":3,"17":1,"18":16,"19":3},"f":{"0":4,"1":3,"2":3,"3":11,"4":4,"5":3,"6":4,"7":3,"8":16},"b":{"0":[3,1],"1":[3,1]},"_coverageSchema":"1a1c01bbd47fc00a2c39e90264f33305004495a9","hash":"bd36bc021711a63ca64161e8816251abeb70835f"}
,"/Users/diamond oladeji/Documents/Software Design Project/VoluntHero-1/backend/src/routes/event.js": {"path":"/Users/diamond oladeji/Documents/Software Design Project/VoluntHero-1/backend/src/routes/event.js","statementMap":{"0":{"start":{"line":1,"column":16},"end":{"line":1,"column":34}},"1":{"start":{"line":2,"column":15},"end":{"line":2,"column":31}},"2":{"start":{"line":9,"column":4},"end":{"line":9,"column":45}},"3":{"start":{"line":12,"column":0},"end":{"line":12,"column":27}},"4":{"start":{"line":13,"column":0},"end":{"line":13,"column":35}},"5":{"start":{"line":14,"column":0},"end":{"line":14,"column":27}},"6":{"start":{"line":15,"column":0},"end":{"line":15,"column":30}},"7":{"start":{"line":16,"column":0},"end":{"line":16,"column":35}},"8":{"start":{"line":18,"column":0},"end":{"line":18,"column":24}}},"fnMap":{},"branchMap":{},"s":{"0":2,"1":2,"2":2,"3":2,"4":2,"5":2,"6":2,"7":2,"8":2},"f":{},"b":{},"_coverageSchema":"1a1c01bbd47fc00a2c39e90264f33305004495a9","hash":"ce1235010ff65656f5fa2b8e12c053f8717989ee"}
}
