TN:
SF:src\config\db.js
FN:11,(anonymous_0)
FNF:1
FNH:1
FNDA:4,(anonymous_0)
DA:1,4
DA:2,4
DA:4,4
DA:11,4
DA:12,4
DA:13,0
DA:15,4
DA:19,4
LF:8
LH:7
BRDA:12,0,0,0
BRDA:12,0,1,4
BRF:2
BRH:1
end_of_record
TN:
SF:src\controllers\eventController.js
FN:9,(anonymous_0)
FN:13,(anonymous_1)
FN:19,(anonymous_2)
FN:43,(anonymous_3)
FN:50,(anonymous_4)
FNF:5
FNH:5
FNDA:2,(anonymous_0)
FNDA:2,(anonymous_1)
FNDA:10,(anonymous_2)
FNDA:3,(anonymous_3)
FNDA:3,(anonymous_4)
DA:7,3
DA:9,3
DA:10,2
DA:13,3
DA:14,2
DA:15,2
DA:16,2
DA:19,3
DA:20,10
DA:23,10
DA:24,1
DA:28,9
DA:29,8
DA:31,7
DA:40,7
DA:43,3
DA:44,3
DA:45,3
DA:46,1
DA:47,2
DA:50,3
DA:51,3
DA:52,3
DA:53,1
DA:54,2
DA:57,3
LF:26
LH:26
BRDA:15,0,0,0
BRDA:15,0,1,2
BRDA:23,1,0,1
BRDA:23,1,1,9
BRDA:23,2,0,10
BRDA:23,2,1,9
BRDA:23,2,2,9
BRDA:28,3,0,1
BRDA:28,3,1,8
BRDA:29,4,0,1
BRDA:29,4,1,7
BRDA:29,5,0,8
BRDA:29,5,1,1
BRDA:45,6,0,1
BRDA:45,6,1,2
BRDA:52,7,0,1
BRDA:52,7,1,2
BRF:17
BRH:16
end_of_record
TN:
SF:src\models\eventModel.js
FN:3,getAllEvents
FN:7,getEventById
FN:8,(anonymous_2)
FN:11,createEvent
FN:17,updateEvent
FN:18,(anonymous_5)
FN:26,deleteEvent
FN:27,(anonymous_7)
FN:35,_resetEvents
FNF:9
FNH:9
FNDA:4,getAllEvents
FNDA:3,getEventById
FNDA:3,(anonymous_2)
FNDA:11,createEvent
FNDA:4,updateEvent
FNDA:3,(anonymous_5)
FNDA:4,deleteEvent
FNDA:3,(anonymous_7)
FNDA:16,_resetEvents
DA:1,4
DA:4,4
DA:8,3
DA:12,11
DA:13,11
DA:14,11
DA:18,4
DA:19,4
DA:20,3
DA:21,3
DA:23,1
DA:27,4
DA:28,4
DA:29,3
DA:31,1
DA:36,16
DA:39,4
LF:17
LH:17
BRDA:19,0,0,3
BRDA:19,0,1,1
BRDA:28,1,0,3
BRDA:28,1,1,1
BRF:4
BRH:4
end_of_record
TN:
SF:src\modules\Notifications\notificationController.js
FN:3,getNotifications
FN:9,addNotification
FN:15,markAsRead
FN:22,deleteNotification
FNF:4
FNH:4
FNDA:1,getNotifications
FNDA:2,addNotification
FNDA:2,markAsRead
FNDA:2,deleteNotification
DA:1,1
DA:4,1
DA:5,1
DA:6,1
DA:10,2
DA:11,2
DA:12,2
DA:16,2
DA:17,2
DA:18,2
DA:19,1
DA:23,2
DA:24,2
DA:25,2
DA:26,1
DA:29,1
LF:16
LH:16
BRDA:18,0,0,1
BRDA:18,0,1,1
BRDA:25,1,0,1
BRDA:25,1,1,1
BRF:4
BRH:4
end_of_record
TN:
SF:src\modules\Notifications\notificationData.js
FNF:0
FNH:0
DA:1,1
DA:20,1
LF:2
LH:2
BRF:0
BRH:0
end_of_record
TN:
SF:src\modules\Notifications\notificationService.js
FN:3,getNotifications
FN:4,(anonymous_1)
FN:7,addNotification
FN:20,markAsRead
FN:21,(anonymous_4)
FN:29,deleteNotification
FN:30,(anonymous_6)
FNF:7
FNH:7
FNDA:1,getNotifications
FNDA:2,(anonymous_1)
FNDA:2,addNotification
FNDA:2,markAsRead
FNDA:3,(anonymous_4)
FNDA:2,deleteNotification
FNDA:4,(anonymous_6)
DA:1,1
DA:4,2
DA:8,2
DA:16,2
DA:17,2
DA:21,3
DA:22,2
DA:23,1
DA:24,1
DA:26,1
DA:30,4
DA:31,2
DA:32,1
DA:33,1
DA:35,1
DA:38,1
LF:16
LH:16
BRDA:7,0,0,1
BRDA:22,1,0,1
BRDA:22,1,1,1
BRDA:31,2,0,1
BRDA:31,2,1,1
BRF:5
BRH:5
end_of_record
TN:
SF:src\modules\VolunteerHistory\controller.js
FN:3,(anonymous_0)
FN:21,(anonymous_1)
FN:39,(anonymous_2)
FNF:3
FNH:3
FNDA:1,(anonymous_0)
FNDA:1,(anonymous_1)
FNDA:1,(anonymous_2)
DA:1,2
DA:3,2
DA:4,1
DA:5,1
DA:6,1
DA:8,1
DA:14,0
DA:21,2
DA:22,1
DA:23,1
DA:24,1
DA:26,1
DA:32,0
DA:39,2
DA:40,1
DA:41,1
DA:42,1
DA:44,1
DA:50,0
DA:57,2
LF:20
LH:17
BRF:0
BRH:0
end_of_record
TN:
SF:src\modules\VolunteerHistory\routes.js
FNF:0
FNH:0
DA:1,2
DA:2,2
DA:3,2
DA:5,2
DA:6,2
DA:7,2
DA:9,2
LF:7
LH:7
BRF:0
BRH:0
end_of_record
TN:
SF:src\modules\VolunteerHistory\service.js
FN:47,(anonymous_0)
FN:48,(anonymous_1)
FN:53,(anonymous_2)
FN:73,(anonymous_3)
FN:76,(anonymous_4)
FN:80,(anonymous_5)
FN:85,(anonymous_6)
FNF:7
FNH:7
FNDA:6,(anonymous_0)
FNDA:18,(anonymous_1)
FNDA:2,(anonymous_2)
FNDA:3,(anonymous_3)
FNDA:4,(anonymous_4)
FNDA:4,(anonymous_5)
FNDA:4,(anonymous_6)
DA:2,3
DA:48,6
DA:49,18
DA:54,2
DA:69,2
DA:70,2
DA:74,3
DA:76,3
DA:77,4
DA:80,3
DA:81,4
DA:84,3
DA:85,4
DA:88,3
DA:100,3
LF:15
LH:15
BRDA:62,0,0,2
BRDA:62,0,1,0
BRDA:63,1,0,2
BRDA:63,1,1,0
BRDA:65,2,0,2
BRDA:65,2,1,1
BRDA:94,3,0,2
BRDA:94,3,1,1
BRDA:95,4,0,2
BRDA:95,4,1,1
BRF:10
BRH:8
end_of_record
TN:
SF:src\modules\VolunteerMatching\controller.js
FN:3,(anonymous_0)
FN:21,(anonymous_1)
FNF:2
FNH:2
FNDA:2,(anonymous_0)
FNDA:1,(anonymous_1)
DA:1,2
DA:3,2
DA:4,2
DA:5,2
DA:6,2
DA:8,1
DA:14,1
DA:21,2
DA:22,1
DA:23,1
DA:24,1
DA:26,1
DA:32,0
DA:39,2
LF:14
LH:13
BRF:0
BRH:0
end_of_record
TN:
SF:src\modules\VolunteerMatching\routes.js
FNF:0
FNH:0
DA:1,2
DA:2,2
DA:3,2
DA:5,2
DA:6,2
DA:8,2
LF:6
LH:6
BRF:0
BRH:0
end_of_record
TN:
SF:src\modules\VolunteerMatching\service.js
FN:53,(anonymous_0)
FN:54,(anonymous_1)
FN:59,(anonymous_2)
FN:61,(anonymous_3)
FN:81,(anonymous_4)
FN:82,(anonymous_5)
FN:85,(anonymous_6)
FN:87,(anonymous_7)
FN:103,(anonymous_8)
FN:123,(anonymous_9)
FN:124,(anonymous_10)
FN:125,(anonymous_11)
FNF:12
FNH:12
FNDA:5,(anonymous_0)
FNDA:9,(anonymous_1)
FNDA:9,(anonymous_2)
FNDA:24,(anonymous_3)
FNDA:9,(anonymous_4)
FNDA:3,(anonymous_5)
FNDA:13,(anonymous_6)
FNDA:33,(anonymous_7)
FNDA:9,(anonymous_8)
FNDA:3,(anonymous_9)
FNDA:5,(anonymous_10)
FNDA:4,(anonymous_11)
DA:2,3
DA:26,3
DA:54,9
DA:55,5
DA:56,2
DA:59,3
DA:60,9
DA:61,9
DA:62,24
DA:65,9
DA:80,3
DA:81,9
DA:82,3
DA:87,13
DA:88,33
DA:92,13
DA:93,13
DA:94,13
DA:97,13
DA:99,13
DA:100,13
DA:104,9
DA:106,9
DA:107,3
DA:110,9
DA:111,6
DA:114,9
DA:115,9
DA:116,9
DA:117,6
DA:120,9
DA:124,5
DA:125,4
DA:127,3
DA:128,1
DA:131,2
DA:133,2
DA:146,3
LF:38
LH:38
BRDA:55,0,0,2
BRDA:55,0,1,3
BRDA:94,1,0,9
BRDA:94,1,1,4
BRDA:97,2,0,10
BRDA:97,2,1,3
BRDA:106,3,0,3
BRDA:106,3,1,6
BRDA:110,4,0,6
BRDA:110,4,1,3
BRDA:116,5,0,6
BRDA:116,5,1,3
BRDA:120,6,0,9
BRDA:120,6,1,0
BRDA:127,7,0,1
BRDA:127,7,1,2
BRDA:127,8,0,3
BRDA:127,8,1,2
BRF:18
BRH:17
end_of_record
TN:
SF:src\routes\auth.js
FN:7,(anonymous_0)
FN:20,(anonymous_1)
FN:36,(anonymous_2)
FN:58,(anonymous_3)
FN:67,(anonymous_4)
FNF:5
FNH:5
FNDA:5,(anonymous_0)
FNDA:4,(anonymous_1)
FNDA:3,(anonymous_2)
FNDA:4,(anonymous_3)
FNDA:3,(anonymous_4)
DA:1,3
DA:2,3
DA:3,3
DA:4,3
DA:7,3
DA:8,5
DA:9,5
DA:10,1
DA:15,4
DA:17,4
DA:21,4
DA:22,0
DA:25,4
DA:26,1
DA:30,3
DA:33,3
DA:37,3
DA:38,0
DA:39,0
DA:43,3
DA:44,3
DA:53,0
DA:58,3
DA:59,4
DA:60,4
DA:61,1
DA:64,3
DA:68,3
DA:69,0
DA:70,3
DA:71,2
DA:73,1
DA:74,1
DA:79,1
DA:80,0
DA:83,1
DA:93,3
LF:37
LH:31
BRDA:9,0,0,1
BRDA:9,0,1,4
BRDA:9,1,0,5
BRDA:9,1,1,4
BRDA:9,1,2,4
BRDA:21,2,0,0
BRDA:21,2,1,4
BRDA:25,3,0,1
BRDA:25,3,1,3
BRDA:37,4,0,0
BRDA:37,4,1,3
BRDA:60,5,0,1
BRDA:60,5,1,3
BRDA:60,6,0,4
BRDA:60,6,1,3
BRDA:68,7,0,0
BRDA:68,7,1,3
BRDA:70,8,0,2
BRDA:70,8,1,1
BRDA:79,9,0,0
BRDA:79,9,1,1
BRF:21
BRH:17
end_of_record
TN:
SF:src\routes\event.js
FNF:0
FNH:0
DA:1,3
DA:2,3
DA:9,3
DA:12,3
DA:13,3
DA:14,3
DA:15,3
DA:16,3
DA:18,3
LF:9
LH:9
BRF:0
BRH:0
end_of_record
TN:
SF:src\routes\notifications.js
FNF:0
FNH:0
DA:1,1
DA:7,1
DA:9,1
DA:11,1
DA:12,1
DA:13,1
DA:14,1
DA:16,1
LF:8
LH:8
BRF:0
BRH:0
end_of_record
TN:
SF:src\routes\profile.js
FN:7,(anonymous_0)
FN:17,(anonymous_1)
FNF:2
FNH:2
FNDA:2,(anonymous_0)
FNDA:4,(anonymous_1)
DA:1,3
DA:2,3
DA:4,3
DA:7,3
DA:8,2
DA:9,2
DA:10,2
DA:11,1
DA:13,1
DA:17,3
DA:18,4
DA:19,4
DA:20,2
DA:23,2
DA:35,2
DA:38,3
LF:16
LH:16
BRDA:10,0,0,1
BRDA:10,0,1,1
BRDA:19,1,0,2
BRDA:19,1,1,2
BRDA:19,2,0,4
BRDA:19,2,1,2
BRDA:19,2,2,2
BRDA:19,2,3,2
BRDA:19,2,4,2
BRDA:19,2,5,2
BRDA:19,2,6,2
BRDA:19,2,7,2
BRF:12
BRH:12
end_of_record
TN:
SF:src\utils\hash.js
FNF:0
FNH:0
LF:0
LH:0
BRF:0
BRH:0
end_of_record
