TN:
SF:src/controllers/eventController.js
FN:9,(anonymous_0)
FN:13,(anonymous_1)
FN:19,(anonymous_2)
FN:43,(anonymous_3)
FN:50,(anonymous_4)
FNF:5
FNH:5
FNDA:2,(anonymous_0)
FNDA:2,(anonymous_1)
FNDA:10,(anonymous_2)
FNDA:3,(anonymous_3)
FNDA:3,(anonymous_4)
DA:7,2
DA:9,2
DA:10,2
DA:13,2
DA:14,2
DA:15,2
DA:16,2
DA:19,2
DA:20,10
DA:23,10
DA:24,1
DA:28,9
DA:29,8
DA:31,7
DA:40,7
DA:43,2
DA:44,3
DA:45,3
DA:46,1
DA:47,2
DA:50,2
DA:51,3
DA:52,3
DA:53,1
DA:54,2
DA:57,2
LF:26
LH:26
BRDA:15,0,0,0
BRDA:15,0,1,2
BRDA:23,1,0,1
BRDA:23,1,1,9
BRDA:23,2,0,10
BRDA:23,2,1,9
BRDA:23,2,2,9
BRDA:28,3,0,1
BRDA:28,3,1,8
BRDA:29,4,0,1
BRDA:29,4,1,7
BRDA:29,5,0,8
BRDA:29,5,1,1
BRDA:45,6,0,1
BRDA:45,6,1,2
BRDA:52,7,0,1
BRDA:52,7,1,2
BRF:17
BRH:16
end_of_record
TN:
SF:src/models/eventModel.js
FN:3,getAllEvents
FN:7,getEventById
FN:8,(anonymous_2)
FN:11,createEvent
FN:17,updateEvent
FN:18,(anonymous_5)
FN:26,deleteEvent
FN:27,(anonymous_7)
FN:35,_resetEvents
FNF:9
FNH:9
FNDA:4,getAllEvents
FNDA:3,getEventById
FNDA:3,(anonymous_2)
FNDA:11,createEvent
FNDA:4,updateEvent
FNDA:3,(anonymous_5)
FNDA:4,deleteEvent
FNDA:3,(anonymous_7)
FNDA:16,_resetEvents
DA:1,3
DA:4,4
DA:8,3
DA:12,11
DA:13,11
DA:14,11
DA:18,4
DA:19,4
DA:20,3
DA:21,3
DA:23,1
DA:27,4
DA:28,4
DA:29,3
DA:31,1
DA:36,16
DA:39,3
LF:17
LH:17
BRDA:19,0,0,3
BRDA:19,0,1,1
BRDA:28,1,0,3
BRDA:28,1,1,1
BRF:4
BRH:4
end_of_record
TN:
SF:src/routes/event.js
FNF:0
FNH:0
DA:1,2
DA:2,2
DA:9,2
DA:12,2
DA:13,2
DA:14,2
DA:15,2
DA:16,2
DA:18,2
LF:9
LH:9
BRF:0
BRH:0
end_of_record
